Determining if the pthread_create exist failed with the following output:
Change Dir: /home/markus/Dokumente/gitshit/cg_solar/build/CMakeFiles/CMakeTmp

Run Build Command:"/usr/bin/make" "cmTC_9ecad/fast"
/usr/bin/make -f CMakeFiles/cmTC_9ecad.dir/build.make CMakeFiles/cmTC_9ecad.dir/build
make[1]: Verzeichnis „/home/markus/Dokumente/gitshit/cg_solar/build/CMakeFiles/CMakeTmp“ wird betreten
Building C object CMakeFiles/cmTC_9ecad.dir/CheckSymbolExists.c.o
/usr/bin/cc     -o CMakeFiles/cmTC_9ecad.dir/CheckSymbolExists.c.o   -c /home/markus/Dokumente/gitshit/cg_solar/build/CMakeFiles/CMakeTmp/CheckSymbolExists.c
Linking C executable cmTC_9ecad
/usr/bin/cmake -E cmake_link_script CMakeFiles/cmTC_9ecad.dir/link.txt --verbose=1
/usr/bin/cc       CMakeFiles/cmTC_9ecad.dir/CheckSymbolExists.c.o  -o cmTC_9ecad -rdynamic 
CMakeFiles/cmTC_9ecad.dir/CheckSymbolExists.c.o: In Funktion `main':
CheckSymbolExists.c:(.text+0x16): Nicht definierter Verweis auf `pthread_create'
collect2: error: ld returned 1 exit status
CMakeFiles/cmTC_9ecad.dir/build.make:97: die Regel für Ziel „cmTC_9ecad“ scheiterte
make[1]: *** [cmTC_9ecad] Fehler 1
make[1]: Verzeichnis „/home/markus/Dokumente/gitshit/cg_solar/build/CMakeFiles/CMakeTmp“ wird verlassen
Makefile:126: die Regel für Ziel „cmTC_9ecad/fast“ scheiterte
make: *** [cmTC_9ecad/fast] Fehler 2

File /home/markus/Dokumente/gitshit/cg_solar/build/CMakeFiles/CMakeTmp/CheckSymbolExists.c:
/* */
#include <pthread.h>

int main(int argc, char** argv)
{
  (void)argv;
#ifndef pthread_create
  return ((int*)(&pthread_create))[argc];
#else
  (void)argc;
  return 0;
#endif
}

Determining if the function pthread_create exists in the pthreads failed with the following output:
Change Dir: /home/markus/Dokumente/gitshit/cg_solar/build/CMakeFiles/CMakeTmp

Run Build Command:"/usr/bin/make" "cmTC_de9d7/fast"
/usr/bin/make -f CMakeFiles/cmTC_de9d7.dir/build.make CMakeFiles/cmTC_de9d7.dir/build
make[1]: Verzeichnis „/home/markus/Dokumente/gitshit/cg_solar/build/CMakeFiles/CMakeTmp“ wird betreten
Building C object CMakeFiles/cmTC_de9d7.dir/CheckFunctionExists.c.o
/usr/bin/cc    -DCHECK_FUNCTION_EXISTS=pthread_create   -o CMakeFiles/cmTC_de9d7.dir/CheckFunctionExists.c.o   -c /usr/share/cmake-3.5/Modules/CheckFunctionExists.c
Linking C executable cmTC_de9d7
/usr/bin/cmake -E cmake_link_script CMakeFiles/cmTC_de9d7.dir/link.txt --verbose=1
/usr/bin/cc   -DCHECK_FUNCTION_EXISTS=pthread_create    CMakeFiles/cmTC_de9d7.dir/CheckFunctionExists.c.o  -o cmTC_de9d7 -rdynamic -lpthreads 
/usr/bin/ld: cannot find -lpthreads
collect2: error: ld returned 1 exit status
CMakeFiles/cmTC_de9d7.dir/build.make:97: die Regel für Ziel „cmTC_de9d7“ scheiterte
make[1]: *** [cmTC_de9d7] Fehler 1
make[1]: Verzeichnis „/home/markus/Dokumente/gitshit/cg_solar/build/CMakeFiles/CMakeTmp“ wird verlassen
Makefile:126: die Regel für Ziel „cmTC_de9d7/fast“ scheiterte
make: *** [cmTC_de9d7/fast] Fehler 2


